Build started 4/15/2013 12:07:55 PM.
     1>Project "C:\Users\Gurel\Dropbox\Ders 7\Ders 7\Ders 7.vcxproj" on node 2 (build target(s)).
     1>InitializeBuildStatus:
         Creating "Debug\Ders 7.unsuccessfulbuild" because "AlwaysCreate" was specified.
       ClCompile:
         C:\Program Files (x86)\Microsoft Visual Studio 10.0\VC\bin\CL.exe /c /I"..\glew-1.9.0\include" /I"C:\Program Files\Assimp\include" /ZI /nologo /W3 /WX- /Od /Oy- /D _MBCS /Gm /EHsc /RTC1 /MDd /GS /fp:precise /Zc:wchar_t /Zc:forScope /Fo"Debug\\" /Fd"Debug\vc100.pdb" /Gd /TP /analyze- /errorReport:prompt main.cpp
         main.cpp
     1>c:\users\gurel\dropbox\ders 7\ders 7\main.cpp(140): warning C4996: 'sprintf': This function or variable may be unsafe. Consider using sprintf_s instead. To disable deprecation, use _CRT_SECURE_NO_WARNINGS. See online help for details.
                 c:\program files (x86)\microsoft visual studio 10.0\vc\include\stdio.h(371) : see declaration of 'sprintf'
       Link:
         C:\Program Files (x86)\Microsoft Visual Studio 10.0\VC\bin\link.exe /ERRORREPORT:PROMPT /OUT:"C:\Users\Gurel\Dropbox\Ders 7\Debug\Ders 7.exe" /NOLOGO /LIBPATH:"C:\Program Files\Assimp\lib\x86" /LIBPATH:"..\glew-1.9.0\lib" OpenGL32.lib glew32.lib assimp.lib kernel32.lib user32.lib gdi32.lib winspool.lib comdlg32.lib advapi32.lib shell32.lib ole32.lib oleaut32.lib uuid.lib odbc32.lib odbccp32.lib /MANIFEST /ManifestFile:"Debug\Ders 7.exe.intermediate.manifest" /MANIFESTUAC:"level='asInvoker' uiAccess='false'" /DEBUG /PDB:"C:\Users\Gurel\Dropbox\Ders 7\Debug\Ders 7.pdb" /TLBID:1 /DYNAMICBASE /NXCOMPAT /IMPLIB:"C:\Users\Gurel\Dropbox\Ders 7\Debug\Ders 7.lib" /MACHINE:X86 Debug\main.obj
         LINK : C:\Users\Gurel\Dropbox\Ders 7\Debug\Ders 7.exe not found or not built by the last incremental link; performing full link
         Ders 7.vcxproj -> C:\Users\Gurel\Dropbox\Ders 7\Debug\Ders 7.exe
       Manifest:
         C:\Program Files (x86)\Microsoft SDKs\Windows\v7.0A\bin\mt.exe /nologo /verbose /outputresource:"C:\Users\Gurel\Dropbox\Ders 7\Debug\Ders 7.exe;#1" /manifest "Debug\Ders 7.exe.intermediate.manifest"
       FinalizeBuildStatus:
         Deleting file "Debug\Ders 7.unsuccessfulbuild".
         Touching "Debug\Ders 7.lastbuildstate".
     1>Done Building Project "C:\Users\Gurel\Dropbox\Ders 7\Ders 7\Ders 7.vcxproj" (build target(s)).

Build succeeded.

Time Elapsed 00:00:03.03
